-------------------------------------------------------------------------------
Test set: TestSuite
-------------------------------------------------------------------------------
Tests run: 4, Failures: 1, Errors: 0, Skipped: 0, Time elapsed: 20.409 s <<< FAILURE! - in TestSuite
getValidateUserName(endtoend.SearchUser)  Time elapsed: 0.078 s  <<< FAILURE!
java.lang.AssertionError: expected [jaykate] but found [katejay]
	at endtoend.SearchUser.getValidateUserName(SearchUser.java:52)

